<?xml version="1.0" encoding="UTF-8"?>
<TestRun id="ee5869d0-8ed9-4798-9328-cee73a7de5b0" name="MSmith@BE6464 2012-02-03 17:00:33" runUser="BEDOMAIN\MSmith" xmlns="http://microsoft.com/schemas/VisualStudio/TeamTest/2010">
  <TestSettings name="Local" id="e0105c78-7d91-44d7-b36e-26698e57ed5a">
    <Description>These are default test settings for a local test run.</Description>
    <Deployment enabled="false" runDeploymentRoot="MSmith_BE6464 2012-02-03 17_00_33">
      <DeploymentItem filename="C:\Users\MSmith\Documents\My Dropbox\Git\Zeus\Zeus.Domain\Zeus.Domain\bin\Debug\Zeus.Domain.dll" />
    </Deployment>
    <Execution>
      <TestTypeSpecific />
      <AgentRule name="Execution Agents">
      </AgentRule>
    </Execution>
  </TestSettings>
  <Times creation="2012-02-03T17:00:33.5891730-05:00" queuing="2012-02-03T17:00:45.8734013-05:00" start="2012-02-03T17:00:46.2034343-05:00" finish="2012-02-03T17:00:48.8166956-05:00" />
  <ResultSummary outcome="Completed">
    <Counters total="1" executed="1" passed="1" error="0" failed="0" timeout="0" aborted="0" inconclusive="0" passedButRunAborted="0" notRunnable="0" notExecuted="0" disconnected="0" warning="0" completed="0" inProgress="0" pending="0" />
  </ResultSummary>
  <TestDefinitions>
    <UnitTest name="Will_parse_a_single_command_without_arguments_correctly" storage="c:\users\msmith\documents\my dropbox\git\zeus\zeus.tests\bin\debug\zeus.tests.dll" id="1c861a43-df90-8574-a9d3-bce1039f2c26">
      <Execution id="58f9a778-9ff1-4b0a-ac56-7984594d021f" />
      <TestMethod codeBase="C:/Users/MSmith/Documents/My Dropbox/Git/Zeus/Zeus.Tests/bin/Debug/Zeus.Tests.DLL" adapterTypeName="Microsoft.VisualStudio.TestTools.TestTypes.Unit.UnitTestAdapter, Microsoft.VisualStudio.QualityTools.Tips.UnitTest.Adapter, Version=10.0.0.0, Culture=neutral, PublicKeyToken=b03f5f7f11d50a3a" className="Zeus.Tests.ZeusParser_Tests, Zeus.Tests, Version=1.0.0.0, Culture=neutral, PublicKeyToken=null" name="Will_parse_a_single_command_without_arguments_correctly" />
    </UnitTest>
  </TestDefinitions>
  <TestLists>
    <TestList name="Results Not in a List" id="8c84fa94-04c1-424b-9868-57a2d4851a1d" />
    <TestList name="All Loaded Results" id="19431567-8539-422a-85d7-44ee4e166bda" />
  </TestLists>
  <TestEntries>
    <TestEntry testId="1c861a43-df90-8574-a9d3-bce1039f2c26" executionId="58f9a778-9ff1-4b0a-ac56-7984594d021f" testListId="8c84fa94-04c1-424b-9868-57a2d4851a1d" />
  </TestEntries>
  <Results>
    <UnitTestResult executionId="58f9a778-9ff1-4b0a-ac56-7984594d021f" testId="1c861a43-df90-8574-a9d3-bce1039f2c26" testName="Will_parse_a_single_command_without_arguments_correctly" computerName="BE6464" duration="00:00:00.0700467" startTime="2012-02-03T17:00:46.7874927-05:00" endTime="2012-02-03T17:00:48.6656805-05:00" testType="13cdc9d9-ddb5-4fa4-a97d-d965ccfc6d4b" outcome="Passed" testListId="8c84fa94-04c1-424b-9868-57a2d4851a1d" relativeResultsDirectory="58f9a778-9ff1-4b0a-ac56-7984594d021f">
    </UnitTestResult>
  </Results>
</TestRun>